{"C:\\REPOSITORY\\storybook": {"path":"C:\\REPOSITORY\\storybook","statementMap":{},"fnMap":{},"branchMap":{},"s":{},"f":{},"b":{},"meta":{"lastBranch":0,"lastFunction":0,"lastStatement":0,"seen":{}}}
,"C:\\REPOSITORY\\storybook\\.storybook\\preview.ts": {"path":"C:\\REPOSITORY\\storybook\\.storybook\\preview.ts","statementMap":{"0":{"start":{"line":3,"column":10},"end":{"line":3,"column":null}},"1":{"start":{"line":7,"column":0},"end":{"line":12,"column":4}},"2":{"start":{"line":8,"column":2},"end":{"line":11,"column":4}},"3":{"start":{"line":15,"column":0},"end":{"line":15,"column":24}},"4":{"start":{"line":17,"column":2},"end":{"line":22,"column":14}},"5":{"start":{"line":24,"column":6},"end":{"line":53,"column":null}}},"fnMap":{},"branchMap":{"0":{"loc":{"start":{"line":7,"column":0},"end":{"line":12,"column":4}},"type":"if","locations":[{"start":{"line":7,"column":0},"end":{"line":12,"column":4}},{"start":{},"end":{}}],"line":7}},"s":{"0":72,"1":72,"2":0,"3":0,"4":72,"5":72},"f":{},"b":{"0":[0,72]},"meta":{"lastBranch":1,"lastFunction":0,"lastStatement":6,"seen":{"s:3:10:3:Infinity":0,"b:7:0:12:4:undefined:undefined:undefined:undefined":0,"s:7:0:12:4":1,"s:8:2:11:4":2,"s:15:0:15:24":3,"s:17:2:22:14":4,"s:24:6:53:Infinity":5}}}
}
